<?xml version="1.0" encoding="UTF-8"?>
<testsuite xmlns:xsi="http://www.w3.org/2001/XMLSchema-instance" xsi:noNamespaceSchemaLocation="https://maven.apache.org/surefire/maven-surefire-plugin/xsd/surefire-test-report-3.0.xsd" version="3.0" name="org.eclipse.leshan.server.californium.bootstrap.LeshanBootstrapServerTest" time="2.536" tests="3" errors="0" skipped="0" failures="0">
  <properties>
[...]
</properties>
  <testcase name="testStartStopDestroy" classname="org.eclipse.leshan.server.californium.bootstrap.LeshanBootstrapServerTest" time="1.307"/>
  <testcase name="testStartDestroy" classname="org.eclipse.leshan.server.californium.bootstrap.LeshanBootstrapServerTest" time="0.995"/>
  <testcase name="testStartStopStart" classname="org.eclipse.leshan.server.californium.bootstrap.LeshanBootstrapServerTest" time="0.234"/>
</testsuite>