<?xml version="1.0" encoding="UTF-8"?>
<testsuite xmlns:xsi="http://www.w3.org/2001/XMLSchema-instance" xsi:noNamespaceSchemaLocation="https://maven.apache.org/surefire/maven-surefire-plugin/xsd/surefire-test-report-3.0.xsd" version="3.0" name="org.eclipse.leshan.integration.tests.write.WriteSingleValueTest" time="1.147" tests="80" errors="0" skipped="0" failures="0">
  <properties>
[...]
</properties>
  <testcase name="can_write_single_instance_objlnk_resource[TEXT(0)]" classname="org.eclipse.leshan.integration.tests.write.WriteSingleValueTest" time="0.068"/>
  <testcase name="can_write_single_instance_objlnk_resource[TLV(11542)]" classname="org.eclipse.leshan.integration.tests.write.WriteSingleValueTest" time="0.063"/>
  <testcase name="can_write_single_instance_objlnk_resource[CBOR(60)]" classname="org.eclipse.leshan.integration.tests.write.WriteSingleValueTest" time="0.082"/>
  <testcase name="can_write_single_instance_objlnk_resource[UNKNOWN(1542)]" classname="org.eclipse.leshan.integration.tests.write.WriteSingleValueTest" time="0.065"/>
  <testcase name="can_write_single_instance_objlnk_resource[JSON(11543)]" classname="org.eclipse.leshan.integration.tests.write.WriteSingleValueTest" time="0.057"/>
  <testcase name="can_write_single_instance_objlnk_resource[UNKNOWN(1543)]" classname="org.eclipse.leshan.integration.tests.write.WriteSingleValueTest" time="0.101"/>
  <testcase name="can_write_single_instance_objlnk_resource[SENML_JSON(110)]" classname="org.eclipse.leshan.integration.tests.write.WriteSingleValueTest" time="0.077"/>
  <testcase name="can_write_single_instance_objlnk_resource[SENML_CBOR(112)]" classname="org.eclipse.leshan.integration.tests.write.WriteSingleValueTest" time="0.059"/>
  <testcase name="write_time_resource[JSON(11543)]" classname="org.eclipse.leshan.integration.tests.write.WriteSingleValueTest" time="0.126"/>
  <testcase name="write_time_resource[TLV(11542)]" classname="org.eclipse.leshan.integration.tests.write.WriteSingleValueTest" time="0.064"/>
  <testcase name="write_time_resource[SENML_CBOR(112)]" classname="org.eclipse.leshan.integration.tests.write.WriteSingleValueTest" time="0.113"/>
  <testcase name="write_time_resource[UNKNOWN(1542)]" classname="org.eclipse.leshan.integration.tests.write.WriteSingleValueTest" time="0.173"/>
  <testcase name="write_time_resource[TEXT(0)]" classname="org.eclipse.leshan.integration.tests.write.WriteSingleValueTest" time="0.064"/>
  <testcase name="write_time_resource[CBOR(60)]" classname="org.eclipse.leshan.integration.tests.write.WriteSingleValueTest" time="0.097"/>
  <testcase name="write_time_resource[SENML_JSON(110)]" classname="org.eclipse.leshan.integration.tests.write.WriteSingleValueTest" time="0.075"/>
  <testcase name="write_time_resource[UNKNOWN(1543)]" classname="org.eclipse.leshan.integration.tests.write.WriteSingleValueTest" time="0.17"/>
  <testcase name="can_write_string_resource_instance[TLV(11542)]" classname="org.eclipse.leshan.integration.tests.write.WriteSingleValueTest" time="0.135"/>
  <testcase name="can_write_string_resource_instance[TEXT(0)]" classname="org.eclipse.leshan.integration.tests.write.WriteSingleValueTest" time="0.094"/>
  <testcase name="can_write_string_resource_instance[SENML_JSON(110)]" classname="org.eclipse.leshan.integration.tests.write.WriteSingleValueTest" time="0.143"/>
  <testcase name="can_write_string_resource_instance[SENML_CBOR(112)]" classname="org.eclipse.leshan.integration.tests.write.WriteSingleValueTest" time="0.128"/>
  <testcase name="can_write_string_resource_instance[CBOR(60)]" classname="org.eclipse.leshan.integration.tests.write.WriteSingleValueTest" time="0.147"/>
  <testcase name="can_write_string_resource_instance[JSON(11543)]" classname="org.eclipse.leshan.integration.tests.write.WriteSingleValueTest" time="0.126"/>
  <testcase name="send_writerequest_asynchronously_with_bad_payload_raises_codeexception[TEXT(0)]" classname="org.eclipse.leshan.integration.tests.write.WriteSingleValueTest" time="0.123"/>
  <testcase name="can_write_string_resource_instance[UNKNOWN(1542)]" classname="org.eclipse.leshan.integration.tests.write.WriteSingleValueTest" time="0.119"/>
  <testcase name="send_writerequest_asynchronously_with_bad_payload_raises_codeexception[TLV(11542)]" classname="org.eclipse.leshan.integration.tests.write.WriteSingleValueTest" time="0.103"/>
  <testcase name="can_write_string_resource_instance[UNKNOWN(1543)]" classname="org.eclipse.leshan.integration.tests.write.WriteSingleValueTest" time="0.124"/>
  <testcase name="send_writerequest_asynchronously_with_bad_payload_raises_codeexception[SENML_JSON(110)]" classname="org.eclipse.leshan.integration.tests.write.WriteSingleValueTest" time="0.584"/>
  <testcase name="send_writerequest_asynchronously_with_bad_payload_raises_codeexception[SENML_CBOR(112)]" classname="org.eclipse.leshan.integration.tests.write.WriteSingleValueTest" time="0.582"/>
  <testcase name="send_writerequest_asynchronously_with_bad_payload_raises_codeexception[JSON(11543)]" classname="org.eclipse.leshan.integration.tests.write.WriteSingleValueTest" time="0.082"/>
  <testcase name="send_writerequest_asynchronously_with_bad_payload_raises_codeexception[CBOR(60)]" classname="org.eclipse.leshan.integration.tests.write.WriteSingleValueTest" time="0.563"/>
  <testcase name="write_float_resource[TEXT(0)]" classname="org.eclipse.leshan.integration.tests.write.WriteSingleValueTest" time="0.077"/>
  <testcase name="send_writerequest_asynchronously_with_bad_payload_raises_codeexception[UNKNOWN(1542)]" classname="org.eclipse.leshan.integration.tests.write.WriteSingleValueTest" time="0.061"/>
  <testcase name="write_float_resource[TLV(11542)]" classname="org.eclipse.leshan.integration.tests.write.WriteSingleValueTest" time="0.078"/>
  <testcase name="write_float_resource[JSON(11543)]" classname="org.eclipse.leshan.integration.tests.write.WriteSingleValueTest" time="0.063"/>
  <testcase name="send_writerequest_asynchronously_with_bad_payload_raises_codeexception[UNKNOWN(1543)]" classname="org.eclipse.leshan.integration.tests.write.WriteSingleValueTest" time="0.036"/>
  <testcase name="write_float_resource[UNKNOWN(1542)]" classname="org.eclipse.leshan.integration.tests.write.WriteSingleValueTest" time="0.071"/>
  <testcase name="write_integer_resource[TEXT(0)]" classname="org.eclipse.leshan.integration.tests.write.WriteSingleValueTest" time="0.042"/>
  <testcase name="write_float_resource[UNKNOWN(1543)]" classname="org.eclipse.leshan.integration.tests.write.WriteSingleValueTest" time="0.043"/>
  <testcase name="write_integer_resource[TLV(11542)]" classname="org.eclipse.leshan.integration.tests.write.WriteSingleValueTest" time="0.079"/>
  <testcase name="write_integer_resource[JSON(11543)]" classname="org.eclipse.leshan.integration.tests.write.WriteSingleValueTest" time="0.051"/>
  <testcase name="write_boolean_resource[TEXT(0)]" classname="org.eclipse.leshan.integration.tests.write.WriteSingleValueTest" time="0.046"/>
  <testcase name="write_integer_resource[UNKNOWN(1543)]" classname="org.eclipse.leshan.integration.tests.write.WriteSingleValueTest" time="0.053"/>
  <testcase name="write_integer_resource[UNKNOWN(1542)]" classname="org.eclipse.leshan.integration.tests.write.WriteSingleValueTest" time="0.07"/>
  <testcase name="write_boolean_resource[JSON(11543)]" classname="org.eclipse.leshan.integration.tests.write.WriteSingleValueTest" time="0.101"/>
  <testcase name="send_writerequest_synchronously_with_bad_payload_raises_codeexception[TEXT(0)]" classname="org.eclipse.leshan.integration.tests.write.WriteSingleValueTest" time="0.072"/>
  <testcase name="write_boolean_resource[TLV(11542)]" classname="org.eclipse.leshan.integration.tests.write.WriteSingleValueTest" time="0.084"/>
  <testcase name="write_boolean_resource[UNKNOWN(1543)]" classname="org.eclipse.leshan.integration.tests.write.WriteSingleValueTest" time="0.073"/>
  <testcase name="write_boolean_resource[UNKNOWN(1542)]" classname="org.eclipse.leshan.integration.tests.write.WriteSingleValueTest" time="0.082"/>
  <testcase name="write_unsigned_integer_resource[TEXT(0)]" classname="org.eclipse.leshan.integration.tests.write.WriteSingleValueTest" time="0.068"/>
  <testcase name="send_writerequest_synchronously_with_bad_payload_raises_codeexception[UNKNOWN(1543)]" classname="org.eclipse.leshan.integration.tests.write.WriteSingleValueTest" time="0.069"/>
  <testcase name="send_writerequest_synchronously_with_bad_payload_raises_codeexception[TLV(11542)]" classname="org.eclipse.leshan.integration.tests.write.WriteSingleValueTest" time="0.055"/>
  <testcase name="send_writerequest_synchronously_with_bad_payload_raises_codeexception[JSON(11543)]" classname="org.eclipse.leshan.integration.tests.write.WriteSingleValueTest" time="0.066"/>
  <testcase name="send_writerequest_synchronously_with_bad_payload_raises_codeexception[UNKNOWN(1542)]" classname="org.eclipse.leshan.integration.tests.write.WriteSingleValueTest" time="0.072"/>
  <testcase name="write_string_resource[TEXT(0)]" classname="org.eclipse.leshan.integration.tests.write.WriteSingleValueTest" time="0.052"/>
  <testcase name="write_unsigned_integer_resource[TLV(11542)]" classname="org.eclipse.leshan.integration.tests.write.WriteSingleValueTest" time="0.051"/>
  <testcase name="write_unsigned_integer_resource[JSON(11543)]" classname="org.eclipse.leshan.integration.tests.write.WriteSingleValueTest" time="0.046"/>
  <testcase name="write_unsigned_integer_resource[UNKNOWN(1543)]" classname="org.eclipse.leshan.integration.tests.write.WriteSingleValueTest" time="0.046"/>
  <testcase name="write_unsigned_integer_resource[UNKNOWN(1542)]" classname="org.eclipse.leshan.integration.tests.write.WriteSingleValueTest" time="0.034"/>
  <testcase name="write_string_resource[TLV(11542)]" classname="org.eclipse.leshan.integration.tests.write.WriteSingleValueTest" time="0.03"/>
  <testcase name="write_string_resource[JSON(11543)]" classname="org.eclipse.leshan.integration.tests.write.WriteSingleValueTest" time="0.03"/>
  <testcase name="write_string_resource[UNKNOWN(1543)]" classname="org.eclipse.leshan.integration.tests.write.WriteSingleValueTest" time="0.035"/>
  <testcase name="write_string_resource[UNKNOWN(1542)]" classname="org.eclipse.leshan.integration.tests.write.WriteSingleValueTest" time="0.019"/>
  <testcase name="write_float_resource[SENML_JSON(110)]" classname="org.eclipse.leshan.integration.tests.write.WriteSingleValueTest" time="0.08"/>
  <testcase name="write_float_resource[SENML_CBOR(112)]" classname="org.eclipse.leshan.integration.tests.write.WriteSingleValueTest" time="0.06"/>
  <testcase name="write_float_resource[CBOR(60)]" classname="org.eclipse.leshan.integration.tests.write.WriteSingleValueTest" time="0.09"/>
  <testcase name="write_integer_resource[SENML_CBOR(112)]" classname="org.eclipse.leshan.integration.tests.write.WriteSingleValueTest" time="0.072"/>
  <testcase name="write_integer_resource[SENML_JSON(110)]" classname="org.eclipse.leshan.integration.tests.write.WriteSingleValueTest" time="0.062"/>
  <testcase name="write_integer_resource[CBOR(60)]" classname="org.eclipse.leshan.integration.tests.write.WriteSingleValueTest" time="0.064"/>
  <testcase name="write_boolean_resource[SENML_CBOR(112)]" classname="org.eclipse.leshan.integration.tests.write.WriteSingleValueTest" time="0.037"/>
  <testcase name="write_boolean_resource[SENML_JSON(110)]" classname="org.eclipse.leshan.integration.tests.write.WriteSingleValueTest" time="0.037"/>
  <testcase name="write_boolean_resource[CBOR(60)]" classname="org.eclipse.leshan.integration.tests.write.WriteSingleValueTest" time="0.031"/>
  <testcase name="send_writerequest_synchronously_with_bad_payload_raises_codeexception[SENML_CBOR(112)]" classname="org.eclipse.leshan.integration.tests.write.WriteSingleValueTest" time="0.027"/>
  <testcase name="send_writerequest_synchronously_with_bad_payload_raises_codeexception[SENML_JSON(110)]" classname="org.eclipse.leshan.integration.tests.write.WriteSingleValueTest" time="0.023"/>
  <testcase name="send_writerequest_synchronously_with_bad_payload_raises_codeexception[CBOR(60)]" classname="org.eclipse.leshan.integration.tests.write.WriteSingleValueTest" time="0.018"/>
  <testcase name="write_unsigned_integer_resource[SENML_CBOR(112)]" classname="org.eclipse.leshan.integration.tests.write.WriteSingleValueTest" time="0.033"/>
  <testcase name="write_unsigned_integer_resource[SENML_JSON(110)]" classname="org.eclipse.leshan.integration.tests.write.WriteSingleValueTest" time="0.031"/>
  <testcase name="write_unsigned_integer_resource[CBOR(60)]" classname="org.eclipse.leshan.integration.tests.write.WriteSingleValueTest" time="0.032"/>
  <testcase name="write_string_resource[SENML_JSON(110)]" classname="org.eclipse.leshan.integration.tests.write.WriteSingleValueTest" time="0.028"/>
  <testcase name="write_string_resource[SENML_CBOR(112)]" classname="org.eclipse.leshan.integration.tests.write.WriteSingleValueTest" time="0.028"/>
  <testcase name="write_string_resource[CBOR(60)]" classname="org.eclipse.leshan.integration.tests.write.WriteSingleValueTest" time="0.023"/>
</testsuite>